<?xml version="1.0" encoding="UTF-8"?>
<!-- Generated by org.testng.reporters.JUnitXMLReporter -->
<testsuite hostname="jarvis" ignored="0" name="Default test" tests="4" failures="0" timestamp="23 Nov 2020 07:15:38 GMT" time="23.429" errors="0">
  <testcase name="loginTest" time="9.781" classname="datadriven.Test_02_DataDrivenTest"/>
  <testcase name="loginTest" time="1.136" classname="datadriven.Test_02_DataDrivenTest"/>
  <testcase name="loginTest" time="1.053" classname="datadriven.Test_02_DataDrivenTest"/>
  <testcase name="loginTest" time="1.103" classname="datadriven.Test_02_DataDrivenTest"/>
</testsuite> <!-- Default test -->
